<?xml version="1.0" encoding="UTF-8"?>
<testng-results total="1" passed="1" failed="0" skipped="0">
  <reporter-output>
  </reporter-output>
  <suite started-at="2022-05-24T11:56:07Z" name="TestAll" finished-at="2022-05-24T11:56:08Z" duration-ms="1757">
    <groups>
    </groups>
    <test started-at="2022-05-24T11:56:07Z" name="testrun 1" finished-at="2022-05-24T11:56:08Z" duration-ms="1757">
      <class name="com.qa.tests.LoginTest">
        <test-method is-config="true" signature="beforeSuite()[pri:0, instance:com.qa.tests.LoginTest@3e6ef8ad]" started-at="2022-05-24T17:26:05Z" name="beforeSuite" finished-at="2022-05-24T17:26:07Z" duration-ms="1573" status="PASS">
          <reporter-output>
          </reporter-output>
        </test-method> <!-- beforeSuite -->
        <test-method signature="loginTest()[pri:0, instance:com.qa.tests.LoginTest@3e6ef8ad]" started-at="2022-05-24T17:26:07Z" name="loginTest" finished-at="2022-05-24T17:26:08Z" duration-ms="1756" status="PASS">
          <reporter-output>
          </reporter-output>
        </test-method> <!-- loginTest -->
        <test-method is-config="true" signature="afterSuite()[pri:0, instance:com.qa.tests.LoginTest@3e6ef8ad]" started-at="2022-05-24T17:26:09Z" name="afterSuite" finished-at="2022-05-24T17:26:09Z" duration-ms="254" status="PASS">
          <reporter-output>
          </reporter-output>
        </test-method> <!-- afterSuite -->
      </class> <!-- com.qa.tests.LoginTest -->
    </test> <!-- testrun 1 -->
  </suite> <!-- TestAll -->
</testng-results>
