<?xml version="1.0" encoding="UTF-8"?>
<testng-results total="1" passed="1" failed="0" skipped="0">
  <reporter-output>
  </reporter-output>
  <suite started-at="2022-05-24T16:10:58Z" name="TestAll" finished-at="2022-05-24T16:11:07Z" duration-ms="9235">
    <groups>
    </groups>
    <test started-at="2022-05-24T16:10:58Z" name="testrun 1" finished-at="2022-05-24T16:11:07Z" duration-ms="9235">
      <class name="com.qa.tests.LoginTest">
        <test-method is-config="true" signature="beforeSuite()[pri:0, instance:com.qa.tests.LoginTest@346d61be]" started-at="2022-05-24T21:40:55Z" name="beforeSuite" finished-at="2022-05-24T21:40:58Z" duration-ms="3035" status="PASS">
          <reporter-output>
          </reporter-output>
        </test-method> <!-- beforeSuite -->
        <test-method signature="loginTest()[pri:0, instance:com.qa.tests.LoginTest@346d61be]" started-at="2022-05-24T21:40:58Z" name="loginTest" finished-at="2022-05-24T21:41:07Z" duration-ms="9212" status="PASS">
          <reporter-output>
          </reporter-output>
        </test-method> <!-- loginTest -->
        <test-method is-config="true" signature="afterSuite()[pri:0, instance:com.qa.tests.LoginTest@346d61be]" started-at="2022-05-24T21:41:07Z" name="afterSuite" finished-at="2022-05-24T21:41:07Z" duration-ms="362" status="PASS">
          <reporter-output>
          </reporter-output>
        </test-method> <!-- afterSuite -->
      </class> <!-- com.qa.tests.LoginTest -->
    </test> <!-- testrun 1 -->
  </suite> <!-- TestAll -->
</testng-results>
